# JRE version: OpenJDK Runtime Environment Temurin-17.0.3+7 (17.0.3+7) (build 17.0.3+7)
# Java VM: OpenJDK 64-Bit Server VM Temurin-17.0.3+7 (17.0.3+7, mixed mode, sharing, tiered, compressed oops, compressed class ptrs, g1 gc, windows-amd64)
GC Precious Log:
 CPUs: 16 total, 16 available
 Memory: 32677M
 Large Page Support: Disabled
 NUMA Support: Disabled
 Compressed Oops: Enabled (Zero based)
 Heap Region Size: 2M
 Heap Min Capacity: 512M
 Heap Initial Capacity: 512M
 Heap Max Capacity: 4072M
 Pre-touch: Disabled
 Parallel Workers: 13
 Concurrent Workers: 3
 Concurrent Refinement Workers: 13
 Periodic GC: Disabled
 String Deduplication is enabled
Heap:
 garbage-first heap   total 524288K, used 189963K [0x0000000701800000, 0x0000000800000000)
  region size 2048K, 24 young (49152K), 1 survivors (2048K)
 Metaspace       used 88100K, committed 88768K, reserved 1130496K
  class space    used 11796K, committed 12160K, reserved 1048576K
GC Heap History (20 events):
Event: 2126.589 GC heap before
{Heap before GC invocations=291 (full 181):
 garbage-first heap   total 524288K, used 185383K [0x0000000701800000, 0x0000000800000000)
  region size 2048K, 21 young (43008K), 0 survivors (0K)
 Metaspace       used 88016K, committed 88768K, reserved 1130496K
  class space    used 11796K, committed 12160K, reserved 1048576K
}
Event: 2126.633 GC heap after
{Heap after GC invocations=292 (full 182):
 garbage-first heap   total 524288K, used 144475K [0x0000000701800000, 0x0000000800000000)
  region size 2048K, 0 young (0K), 0 survivors (0K)
 Metaspace       used 88016K, committed 88768K, reserved 1130496K
  class space    used 11796K, committed 12160K, reserved 1048576K
}
Event: 2130.057 GC heap before
{Heap before GC invocations=292 (full 182):
 garbage-first heap   total 524288K, used 160859K [0x0000000701800000, 0x0000000800000000)
  region size 2048K, 9 young (18432K), 0 survivors (0K)
 Metaspace       used 88016K, committed 88768K, reserved 1130496K
  class space    used 11796K, committed 12160K, reserved 1048576K
}
Event: 2130.102 GC heap after
{Heap after GC invocations=293 (full 183):
 garbage-first heap   total 524288K, used 144437K [0x0000000701800000, 0x0000000800000000)
  region size 2048K, 0 young (0K), 0 survivors (0K)
 Metaspace       used 88016K, committed 88768K, reserved 1130496K
  class space    used 11796K, committed 12160K, reserved 1048576K
}
Event: 2133.487 GC heap before
{Heap before GC invocations=293 (full 183):
 garbage-first heap   total 524288K, used 148533K [0x0000000701800000, 0x0000000800000000)
  region size 2048K, 3 young (6144K), 0 survivors (0K)
 Metaspace       used 88016K, committed 88768K, reserved 1130496K
  class space    used 11796K, committed 12160K, reserved 1048576K
}
Event: 2133.536 GC heap after
{Heap after GC invocations=294 (full 184):
 garbage-first heap   total 524288K, used 144260K [0x0000000701800000, 0x0000000800000000)
  region size 2048K, 0 young (0K), 0 survivors (0K)
 Metaspace       used 88016K, committed 88768K, reserved 1130496K
  class space    used 11796K, committed 12160K, reserved 1048576K
}
Event: 2137.018 GC heap before
{Heap before GC invocations=294 (full 184):
 garbage-first heap   total 524288K, used 179076K [0x0000000701800000, 0x0000000800000000)
  region size 2048K, 18 young (36864K), 0 survivors (0K)
 Metaspace       used 88035K, committed 88768K, reserved 1130496K
  class space    used 11796K, committed 12160K, reserved 1048576K
}
Event: 2137.020 GC heap after
{Heap after GC invocations=295 (full 184):
 garbage-first heap   total 524288K, used 144761K [0x0000000701800000, 0x0000000800000000)
  region size 2048K, 1 young (2048K), 1 survivors (2048K)
 Metaspace       used 88035K, committed 88768K, reserved 1130496K
  class space    used 11796K, committed 12160K, reserved 1048576K
}
Event: 2140.752 GC heap before
{Heap before GC invocations=295 (full 184):
 garbage-first heap   total 524288K, used 224633K [0x0000000701800000, 0x0000000800000000)
  region size 2048K, 40 young (81920K), 1 survivors (2048K)
 Metaspace       used 88057K, committed 88768K, reserved 1130496K
  class space    used 11796K, committed 12160K, reserved 1048576K
}
Event: 2140.754 GC heap after
{Heap after GC invocations=296 (full 184):
 garbage-first heap   total 524288K, used 145012K [0x0000000701800000, 0x0000000800000000)
  region size 2048K, 1 young (2048K), 1 survivors (2048K)
 Metaspace       used 88057K, committed 88768K, reserved 1130496K
  class space    used 11796K, committed 12160K, reserved 1048576K
}
Event: 2144.431 GC heap before
{Heap before GC invocations=296 (full 184):
 garbage-first heap   total 524288K, used 224884K [0x0000000701800000, 0x0000000800000000)
  region size 2048K, 40 young (81920K), 1 survivors (2048K)
 Metaspace       used 88058K, committed 88768K, reserved 1130496K
  class space    used 11796K, committed 12160K, reserved 1048576K
}
Event: 2144.432 GC heap after
{Heap after GC invocations=297 (full 184):
 garbage-first heap   total 524288K, used 145019K [0x0000000701800000, 0x0000000800000000)
  region size 2048K, 1 young (2048K), 1 survivors (2048K)
 Metaspace       used 88058K, committed 88768K, reserved 1130496K
  class space    used 11796K, committed 12160K, reserved 1048576K
}
Event: 2154.295 GC heap before
{Heap before GC invocations=297 (full 184):
 garbage-first heap   total 524288K, used 224891K [0x0000000701800000, 0x0000000800000000)
  region size 2048K, 40 young (81920K), 1 survivors (2048K)
 Metaspace       used 88090K, committed 88768K, reserved 1130496K
  class space    used 11796K, committed 12160K, reserved 1048576K
}
Event: 2154.297 GC heap after
{Heap after GC invocations=298 (full 184):
 garbage-first heap   total 524288K, used 145091K [0x0000000701800000, 0x0000000800000000)
  region size 2048K, 1 young (2048K), 1 survivors (2048K)
 Metaspace       used 88090K, committed 88768K, reserved 1130496K
  class space    used 11796K, committed 12160K, reserved 1048576K
}
Event: 2170.063 GC heap before
{Heap before GC invocations=298 (full 184):
 garbage-first heap   total 524288K, used 224963K [0x0000000701800000, 0x0000000800000000)
  region size 2048K, 40 young (81920K), 1 survivors (2048K)
 Metaspace       used 88095K, committed 88768K, reserved 1130496K
  class space    used 11796K, committed 12160K, reserved 1048576K
}
Event: 2170.065 GC heap after
{Heap after GC invocations=299 (full 184):
 garbage-first heap   total 524288K, used 144879K [0x0000000701800000, 0x0000000800000000)
  region size 2048K, 1 young (2048K), 1 survivors (2048K)
 Metaspace       used 88095K, committed 88768K, reserved 1130496K
  class space    used 11796K, committed 12160K, reserved 1048576K
}
Event: 2186.683 GC heap before
{Heap before GC invocations=299 (full 184):
 garbage-first heap   total 524288K, used 224751K [0x0000000701800000, 0x0000000800000000)
  region size 2048K, 40 young (81920K), 1 survivors (2048K)
 Metaspace       used 88095K, committed 88768K, reserved 1130496K
  class space    used 11796K, committed 12160K, reserved 1048576K
}
Event: 2186.684 GC heap after
{Heap after GC invocations=300 (full 184):
 garbage-first heap   total 524288K, used 144887K [0x0000000701800000, 0x0000000800000000)
  region size 2048K, 1 young (2048K), 1 survivors (2048K)
 Metaspace       used 88095K, committed 88768K, reserved 1130496K
  class space    used 11796K, committed 12160K, reserved 1048576K
}
Event: 2189.466 GC heap before
{Heap before GC invocations=300 (full 184):
 garbage-first heap   total 524288K, used 224759K [0x0000000701800000, 0x0000000800000000)
  region size 2048K, 40 young (81920K), 1 survivors (2048K)
 Metaspace       used 88097K, committed 88768K, reserved 1130496K
  class space    used 11796K, committed 12160K, reserved 1048576K
}
Event: 2189.468 GC heap after
{Heap after GC invocations=301 (full 184):
 garbage-first heap   total 524288K, used 144907K [0x0000000701800000, 0x0000000800000000)
  region size 2048K, 1 young (2048K), 1 survivors (2048K)
 Metaspace       used 88097K, committed 88768K, reserved 1130496K
  class space    used 11796K, committed 12160K, reserved 1048576K
}

